Arguments: 
  C:\Program Files\nodejs\node.exe C:\Users\User\AppData\Roaming\npm\node_modules\yarn\bin\yarn.js start

PATH: 
  C:\Program Files\Python39\Scripts\;C:\Program Files\Python39\;C:\Windows\system32;C:\Windows;C:\Windows\System32\Wbem;C:\Windows\System32\WindowsPowerShell\v1.0\;C:\Windows\System32\OpenSSH\;C:\MinGW\bin;C:\Program Files\Python39\Scripts;C:\Program Files\Python39;C:\ProgramData\chocolatey\bin;C:\Program Files\nodejs\;C:\Program Files\Git\cmd;C:\Users\User\AppData\Local\Microsoft\WindowsApps;C:\MinGW\bin;C:\Users\User\AppData\Local\Programs\Microsoft VS Code\bin;C:\MinGW\bin;C:\Users\User\Desktop\apktool;C:\Users\User\AppData\Local\hyper\app-3.0.2\resources\bin;C:\Users\User\AppData\Roaming\npm;C:\Program Files\heroku\bin;C:\Program Files\Git\bin;C:\Program Files\Git\cmd;

Yarn version: 
  1.22.17

Node version: 
  14.17.4

Platform: 
  win32 x64

Trace: 
  SyntaxError: C:\Users\User\Desktop\ECOMMERCE_API\package.json: Unexpected end of JSON input
      at JSON.parse (<anonymous>)
      at C:\Users\User\AppData\Roaming\npm\node_modules\yarn\lib\cli.js:1625:59
      at Generator.next (<anonymous>)
      at step (C:\Users\User\AppData\Roaming\npm\node_modules\yarn\lib\cli.js:310:30)
      at C:\Users\User\AppData\Roaming\npm\node_modules\yarn\lib\cli.js:321:13

npm manifest: 
  {
    "name": "ECOMMERCE_API",
    "version": "1.0.0",
    "description": "",
    "main": "index.js",
    "scripts": {
      "start": "nodemon index.js",
    "keywords": [],
    "author": "",
    "license": "ISC",
    "dependencies": {
      "dotenv": "^10.0.0",
      "express": "^4.17.1",
      "mongoose": "^6.0.12",
      "nodemon": "^2.0.14"
    }
  }

yarn manifest: 
  No manifest

Lockfile: 
  No lockfile
